{"error":"command aggregate requires authentication","level":"error","message":"Import failed","timestamp":"2026-02-10T15:54:58.379Z"}
{"error":"command aggregate requires authentication","level":"error","message":"Import failed","timestamp":"2026-02-10T15:56:24.027Z"}
{"code":13,"codeName":"Unauthorized","level":"error","message":"Error in countDocuments: command aggregate requires authentication","ok":0,"stack":"MongoServerError: command aggregate requires authentication\n    at Connection.onMessage (D:\\Hoc_tap\\linkedlin\\backend\\node_modules\\mongodb\\lib\\cmap\\connection.js:202:26)\n    at MessageStream.<anonymous> (D:\\Hoc_tap\\linkedlin\\backend\\node_modules\\mongodb\\lib\\cmap\\connection.js:61:60)\n    at MessageStream.emit (node:events:518:28)\n    at processIncomingData (D:\\Hoc_tap\\linkedlin\\backend\\node_modules\\mongodb\\lib\\cmap\\message_stream.js:124:16)\n    at MessageStream._write (D:\\Hoc_tap\\linkedlin\\backend\\node_modules\\mongodb\\lib\\cmap\\message_stream.js:33:9)\n    at writeOrBuffer (node:internal/streams/writable:572:12)\n    at _write (node:internal/streams/writable:501:10)\n    at Writable.write (node:internal/streams/writable:510:10)\n    at Socket.ondata (node:internal/streams/readable:1009:22)\n    at Socket.emit (node:events:518:28)","timestamp":"2026-02-10T15:58:21.521Z"}
{"code":13,"codeName":"Unauthorized","level":"error","message":"Error in countDocuments: command aggregate requires authentication","ok":0,"stack":"MongoServerError: command aggregate requires authentication\n    at Connection.onMessage (D:\\Hoc_tap\\linkedlin\\backend\\node_modules\\mongodb\\lib\\cmap\\connection.js:202:26)\n    at MessageStream.<anonymous> (D:\\Hoc_tap\\linkedlin\\backend\\node_modules\\mongodb\\lib\\cmap\\connection.js:61:60)\n    at MessageStream.emit (node:events:518:28)\n    at processIncomingData (D:\\Hoc_tap\\linkedlin\\backend\\node_modules\\mongodb\\lib\\cmap\\message_stream.js:124:16)\n    at MessageStream._write (D:\\Hoc_tap\\linkedlin\\backend\\node_modules\\mongodb\\lib\\cmap\\message_stream.js:33:9)\n    at writeOrBuffer (node:internal/streams/writable:572:12)\n    at _write (node:internal/streams/writable:501:10)\n    at Writable.write (node:internal/streams/writable:510:10)\n    at Socket.ondata (node:internal/streams/readable:1009:22)\n    at Socket.emit (node:events:518:28)","timestamp":"2026-02-10T16:05:05.883Z"}
{"error":"command aggregate requires authentication","level":"error","message":"Import failed","timestamp":"2026-02-11T03:48:07.134Z"}
{"error":"getaddrinfo ENOTFOUND mongodb","level":"error","message":"Import failed","timestamp":"2026-02-11T04:02:21.502Z"}
{"error":"Unauthorized","ip":"::1","level":"error","message":"Error response","method":"GET","statusCode":401,"timestamp":"2026-02-11T06:21:43.364Z","url":"/api/candidates/top/experience?limit=10","userId":"anonymous"}
{"error":"Not Found","ip":"::1","level":"error","message":"Error response","method":"GET","statusCode":404,"timestamp":"2026-02-11T06:21:43.383Z","url":"/api/statistics","userId":"anonymous"}
{"error":"Not Found","ip":"::1","level":"error","message":"Error response","method":"GET","statusCode":404,"timestamp":"2026-02-11T06:21:44.493Z","url":"/favicon.ico","userId":"anonymous"}
{"error":"Unauthorized","ip":"::1","level":"error","message":"Error response","method":"GET","statusCode":401,"timestamp":"2026-02-11T06:22:54.813Z","url":"/api/candidates/top/experience?limit=10","userId":"anonymous"}
{"error":"Not Found","ip":"::1","level":"error","message":"Error response","method":"GET","statusCode":404,"timestamp":"2026-02-11T06:22:54.825Z","url":"/api/statistics","userId":"anonymous"}
{"error":"Not Found","ip":"::1","level":"error","message":"Error response","method":"GET","statusCode":404,"timestamp":"2026-02-11T06:23:02.313Z","url":"/dashboard.html","userId":"anonymous"}
{"error":"Unauthorized","ip":"::1","level":"error","message":"Error response","method":"POST","statusCode":401,"timestamp":"2026-02-11T06:24:12.777Z","url":"/api/auth/login","userId":"anonymous"}
{"error":"Unauthorized","ip":"::1","level":"error","message":"Error response","method":"GET","statusCode":401,"timestamp":"2026-02-11T06:24:56.635Z","url":"/api/candidates/search?q=keyword","userId":"anonymous"}
{"error":"Unauthorized","ip":"::1","level":"error","message":"Error response","method":"POST","statusCode":401,"timestamp":"2026-02-11T06:25:03.680Z","url":"/api/auth/login","userId":"anonymous"}
{"error":"Unauthorized","ip":"::1","level":"error","message":"Error response","method":"GET","statusCode":401,"timestamp":"2026-02-11T06:25:04.751Z","url":"/api/candidates/top/experience?limit=10","userId":"anonymous"}
{"error":"Not Found","ip":"::1","level":"error","message":"Error response","method":"GET","statusCode":404,"timestamp":"2026-02-11T06:25:04.889Z","url":"/api/statistics","userId":"anonymous"}
{"error":"Not Found","ip":"::1","level":"error","message":"Error response","method":"GET","statusCode":404,"timestamp":"2026-02-11T06:58:15.842Z","url":"/api/statistics","userId":"anonymous"}
{"error":"Unauthorized","ip":"::1","level":"error","message":"Error response","method":"GET","statusCode":401,"timestamp":"2026-02-11T06:58:15.876Z","url":"/api/candidates/top/experience?limit=10","userId":"anonymous"}
{"error":"Not Found","ip":"::1","level":"error","message":"Error response","method":"GET","statusCode":404,"timestamp":"2026-02-11T06:58:17.733Z","url":"/favicon.ico","userId":"anonymous"}
{"error":"Not Found","ip":"::1","level":"error","message":"Error response","method":"GET","statusCode":404,"timestamp":"2026-02-11T06:58:32.676Z","url":"/api/statistics","userId":"anonymous"}
{"error":"Not Found","ip":"::1","level":"error","message":"Error response","method":"GET","statusCode":404,"timestamp":"2026-02-11T06:58:44.762Z","url":"/api/statistics","userId":"anonymous"}
{"error":"Not Found","ip":"::1","level":"error","message":"Error response","method":"GET","statusCode":404,"timestamp":"2026-02-11T06:58:57.314Z","url":"/api/statistics","userId":"anonymous"}
{"error":"Not Found","ip":"::1","level":"error","message":"Error response","method":"GET","statusCode":404,"timestamp":"2026-02-11T06:58:59.011Z","url":"/api/statistics","userId":"anonymous"}
{"error":"Not Found","ip":"::1","level":"error","message":"Error response","method":"GET","statusCode":404,"timestamp":"2026-02-11T06:59:01.529Z","url":"/api/statistics","userId":"anonymous"}
{"error":"Not Found","ip":"::1","level":"error","message":"Error response","method":"GET","statusCode":404,"timestamp":"2026-02-11T06:59:10.799Z","url":"/api/statistics","userId":"anonymous"}
{"error":"Not Found","ip":"::1","level":"error","message":"Error response","method":"GET","statusCode":404,"timestamp":"2026-02-11T07:01:11.385Z","url":"/api/statistics","userId":"anonymous"}
{"error":"Not Found","ip":"::1","level":"error","message":"Error response","method":"GET","statusCode":404,"timestamp":"2026-02-11T07:01:17.775Z","url":"/api/statistics","userId":"anonymous"}
{"body":{"password":"admin123","role":"user","username":"admin"},"error":"Username already exists","headers":{"content-length":"56","content-type":"application/json","user-agent":"Mozilla/5.0 (Windows NT 10.0; Win64; x64) AppleWebKit/537.36 (KHTML, like Gecko) Chrome/144.0.0.0 Safari/537.36 Edg/144.0.0.0"},"ip":"::1","level":"error","message":"Unhandled error:","method":"POST","params":{},"query":{},"stack":"Error: Username already exists\n    at D:\\Hoc_tap\\linkedlin\\backend\\src\\routes\\admin.js:71:11\n    at process.processTicksAndRejections (node:internal/process/task_queues:105:5)","timestamp":"2026-02-11T07:14:13.474Z","url":"/api/admin/users","userId":"698c1fe4d0942cadd71213e3"}
{"error":"Bad Request","ip":"::1","level":"error","message":"Error response","method":"POST","statusCode":400,"timestamp":"2026-02-11T07:14:13.478Z","url":"/api/admin/users","userId":"698c1fe4d0942cadd71213e3"}
{"error":"Not Found","ip":"::1","level":"error","message":"Error response","method":"GET","statusCode":404,"timestamp":"2026-02-11T07:15:19.267Z","url":"/api/statistics","userId":"anonymous"}
{"error":"Not Found","ip":"::1","level":"error","message":"Error response","method":"GET","statusCode":404,"timestamp":"2026-02-11T07:15:25.598Z","url":"/api/statistics","userId":"anonymous"}
{"error":"Not Found","ip":"::1","level":"error","message":"Error response","method":"GET","statusCode":404,"timestamp":"2026-02-11T07:15:37.868Z","url":"/api/statistics","userId":"anonymous"}
{"error":"Not Found","ip":"::1","level":"error","message":"Error response","method":"GET","statusCode":404,"timestamp":"2026-02-11T07:15:41.021Z","url":"/api/statistics","userId":"anonymous"}
{"error":"Not Found","ip":"::1","level":"error","message":"Error response","method":"GET","statusCode":404,"timestamp":"2026-02-11T07:15:53.869Z","url":"/api/statistics","userId":"anonymous"}
{"error":"Not Found","ip":"::1","level":"error","message":"Error response","method":"GET","statusCode":404,"timestamp":"2026-02-11T07:16:02.284Z","url":"/api/statistics","userId":"anonymous"}
{"error":"Not Found","ip":"::1","level":"error","message":"Error response","method":"GET","statusCode":404,"timestamp":"2026-02-11T07:16:07.124Z","url":"/api/statistics","userId":"anonymous"}
{"error":"Not Found","ip":"::1","level":"error","message":"Error response","method":"GET","statusCode":404,"timestamp":"2026-02-11T07:16:11.514Z","url":"/api/statistics","userId":"anonymous"}
{"error":"Not Found","ip":"::1","level":"error","message":"Error response","method":"GET","statusCode":404,"timestamp":"2026-02-11T07:16:14.584Z","url":"/api/statistics","userId":"anonymous"}
{"error":"Not Found","ip":"::1","level":"error","message":"Error response","method":"GET","statusCode":404,"timestamp":"2026-02-11T07:26:08.517Z","url":"/api/statistics","userId":"anonymous"}
{"error":"Not Found","ip":"::1","level":"error","message":"Error response","method":"GET","statusCode":404,"timestamp":"2026-02-11T07:26:11.087Z","url":"/api/statistics","userId":"anonymous"}
{"error":"Not Found","ip":"::1","level":"error","message":"Error response","method":"GET","statusCode":404,"timestamp":"2026-02-11T07:26:18.845Z","url":"/api/statistics","userId":"anonymous"}
{"error":"Not Found","ip":"::1","level":"error","message":"Error response","method":"GET","statusCode":404,"timestamp":"2026-02-11T07:26:20.905Z","url":"/api/statistics","userId":"anonymous"}
{"error":"Not Found","ip":"::1","level":"error","message":"Error response","method":"GET","statusCode":404,"timestamp":"2026-02-11T07:26:27.756Z","url":"/api/statistics","userId":"anonymous"}
{"error":"Not Found","ip":"::1","level":"error","message":"Error response","method":"GET","statusCode":404,"timestamp":"2026-02-11T07:26:29.390Z","url":"/api/statistics","userId":"anonymous"}
{"error":"Unauthorized","ip":"::1","level":"error","message":"Error response","method":"GET","statusCode":401,"timestamp":"2026-02-11T07:32:14.328Z","url":"/api/candidates/search?q=keyword","userId":"anonymous"}
{"error":"Not Found","ip":"::1","level":"error","message":"Error response","method":"GET","statusCode":404,"timestamp":"2026-02-11T07:38:06.194Z","url":"/api/statistics","userId":"anonymous"}
{"error":"Not Found","ip":"::1","level":"error","message":"Error response","method":"GET","statusCode":404,"timestamp":"2026-02-11T07:53:01.222Z","url":"/api/statistics","userId":"anonymous"}
{"error":"Not Found","ip":"::1","level":"error","message":"Error response","method":"GET","statusCode":404,"timestamp":"2026-02-11T07:53:12.032Z","url":"/api/statistics","userId":"anonymous"}
{"error":"Not Found","ip":"::1","level":"error","message":"Error response","method":"GET","statusCode":404,"timestamp":"2026-02-11T07:53:16.500Z","url":"/api/statistics","userId":"anonymous"}
{"error":"Not Found","ip":"::1","level":"error","message":"Error response","method":"GET","statusCode":404,"timestamp":"2026-02-11T07:53:19.089Z","url":"/api/statistics","userId":"anonymous"}
{"error":"Not Found","ip":"::1","level":"error","message":"Error response","method":"GET","statusCode":404,"timestamp":"2026-02-11T13:20:18.446Z","url":"/api/statistics","userId":"anonymous"}
{"level":"error","message":"Redis Client Error:","timestamp":"2026-02-11T13:22:05.294Z"}
{"error":"Not Found","ip":"::1","level":"error","message":"Error response","method":"GET","statusCode":404,"timestamp":"2026-02-11T14:16:19.921Z","url":"/api/statistics","userId":"anonymous"}
{"error":"Not Found","ip":"::1","level":"error","message":"Error response","method":"GET","statusCode":404,"timestamp":"2026-02-11T14:16:21.874Z","url":"/favicon.ico","userId":"anonymous"}
{"error":"Not Found","ip":"::1","level":"error","message":"Error response","method":"GET","statusCode":404,"timestamp":"2026-02-11T14:16:31.231Z","url":"/api/statistics","userId":"anonymous"}
{"error":"Not Found","ip":"::1","level":"error","message":"Error response","method":"GET","statusCode":404,"timestamp":"2026-02-11T14:16:35.623Z","url":"/api/statistics","userId":"anonymous"}
{"error":"Not Found","ip":"::1","level":"error","message":"Error response","method":"GET","statusCode":404,"timestamp":"2026-02-11T14:51:01.886Z","url":"/api/statistics","userId":"anonymous"}
{"error":"Not Found","ip":"::1","level":"error","message":"Error response","method":"GET","statusCode":404,"timestamp":"2026-02-11T14:51:04.131Z","url":"/api/statistics","userId":"anonymous"}
{"error":"Forbidden","ip":"::1","level":"error","message":"Error response","method":"GET","statusCode":403,"timestamp":"2026-02-11T14:51:04.191Z","url":"/api/candidates/top/experience?limit=10","userId":"anonymous"}
{"error":"Not Found","ip":"::1","level":"error","message":"Error response","method":"GET","statusCode":404,"timestamp":"2026-02-11T14:55:03.313Z","url":"/api/statistics","userId":"anonymous"}
{"error":"Not Found","ip":"::1","level":"error","message":"Error response","method":"GET","statusCode":404,"timestamp":"2026-02-11T14:55:08.388Z","url":"/api/statistics","userId":"anonymous"}
{"error":"Not Found","ip":"::1","level":"error","message":"Error response","method":"GET","statusCode":404,"timestamp":"2026-02-11T14:55:12.662Z","url":"/api/statistics","userId":"anonymous"}
{"error":"Not Found","ip":"::1","level":"error","message":"Error response","method":"GET","statusCode":404,"timestamp":"2026-02-11T14:55:30.749Z","url":"/api/statistics","userId":"anonymous"}
{"error":"Not Found","ip":"::1","level":"error","message":"Error response","method":"GET","statusCode":404,"timestamp":"2026-02-11T14:55:44.045Z","url":"/api/statistics","userId":"anonymous"}
{"error":"Not Found","ip":"::1","level":"error","message":"Error response","method":"GET","statusCode":404,"timestamp":"2026-02-11T14:55:59.749Z","url":"/api/statistics","userId":"anonymous"}
{"error":"Not Found","ip":"::1","level":"error","message":"Error response","method":"GET","statusCode":404,"timestamp":"2026-02-11T14:56:00.691Z","url":"/api/statistics","userId":"anonymous"}
{"error":"Forbidden","ip":"::1","level":"error","message":"Error response","method":"GET","statusCode":403,"timestamp":"2026-02-11T14:56:00.716Z","url":"/api/candidates/top/experience?limit=10","userId":"anonymous"}
{"error":"Not Found","ip":"::1","level":"error","message":"Error response","method":"GET","statusCode":404,"timestamp":"2026-02-11T14:56:21.576Z","url":"/api/statistics","userId":"anonymous"}
{"error":"Not Found","ip":"::1","level":"error","message":"Error response","method":"GET","statusCode":404,"timestamp":"2026-02-11T14:56:30.576Z","url":"/api/statistics","userId":"anonymous"}
{"error":"Not Found","ip":"::1","level":"error","message":"Error response","method":"GET","statusCode":404,"timestamp":"2026-02-11T15:04:52.869Z","url":"/api/statistics","userId":"anonymous"}
{"error":"Not Found","ip":"::1","level":"error","message":"Error response","method":"GET","statusCode":404,"timestamp":"2026-02-11T15:05:00.519Z","url":"/api/statistics","userId":"anonymous"}
{"error":"Not Found","ip":"::1","level":"error","message":"Error response","method":"GET","statusCode":404,"timestamp":"2026-02-11T15:05:13.386Z","url":"/api/statistics","userId":"anonymous"}
{"error":"Not Found","ip":"::1","level":"error","message":"Error response","method":"GET","statusCode":404,"timestamp":"2026-02-11T15:06:09.379Z","url":"/api/statistics","userId":"anonymous"}
{"error":"Forbidden","ip":"::1","level":"error","message":"Error response","method":"GET","statusCode":403,"timestamp":"2026-02-11T15:06:11.280Z","url":"/api/candidates/top/experience?limit=10","userId":"anonymous"}
{"error":"Not Found","ip":"::1","level":"error","message":"Error response","method":"GET","statusCode":404,"timestamp":"2026-02-11T15:06:11.292Z","url":"/api/statistics","userId":"anonymous"}
{"error":"Not Found","ip":"::1","level":"error","message":"Error response","method":"GET","statusCode":404,"timestamp":"2026-02-11T15:06:16.052Z","url":"/api/statistics","userId":"anonymous"}
{"error":"Not Found","ip":"::1","level":"error","message":"Error response","method":"GET","statusCode":404,"timestamp":"2026-02-11T15:08:18.781Z","url":"/api/statistics","userId":"anonymous"}
{"error":"Not Found","ip":"::1","level":"error","message":"Error response","method":"GET","statusCode":404,"timestamp":"2026-02-11T15:08:29.055Z","url":"/api/statistics","userId":"anonymous"}
{"error":"Not Found","ip":"::1","level":"error","message":"Error response","method":"GET","statusCode":404,"timestamp":"2026-02-11T15:13:36.694Z","url":"/api/statistics","userId":"anonymous"}
{"body":{},"error":"Limit must be between 1 and 100","headers":{"user-agent":"Mozilla/5.0 (Windows NT 10.0; Win64; x64) AppleWebKit/537.36 (KHTML, like Gecko) Chrome/144.0.0.0 Safari/537.36 Edg/144.0.0.0"},"ip":"::1","level":"error","message":"Unhandled error:","method":"GET","params":{},"query":{"limit":"9999"},"stack":"Error: Limit must be between 1 and 100\n    at D:\\Hoc_tap\\linkedlin\\backend\\src\\routes\\candidates.js:27:11\n    at D:\\Hoc_tap\\linkedlin\\backend\\src\\middleware\\errorHandler.js:163:21\n    at Layer.handle [as handle_request] (D:\\Hoc_tap\\linkedlin\\backend\\node_modules\\express\\lib\\router\\layer.js:95:5)\n    at next (D:\\Hoc_tap\\linkedlin\\backend\\node_modules\\express\\lib\\router\\route.js:149:13)\n    at D:\\Hoc_tap\\linkedlin\\backend\\node_modules\\express-rate-limit\\dist\\index.cjs:706:9\n    at process.processTicksAndRejections (node:internal/process/task_queues:105:5)\n    at async D:\\Hoc_tap\\linkedlin\\backend\\node_modules\\express-rate-limit\\dist\\index.cjs:691:5","timestamp":"2026-02-11T15:13:37.455Z","url":"/api/candidates?limit=9999","userId":"698c2c782a60c580b0ea9a97"}
{"error":"Bad Request","ip":"::1","level":"error","message":"Error response","method":"GET","statusCode":400,"timestamp":"2026-02-11T15:13:37.472Z","url":"/api/candidates?limit=9999","userId":"698c2c782a60c580b0ea9a97"}
{"error":"Not Found","ip":"::1","level":"error","message":"Error response","method":"GET","statusCode":404,"timestamp":"2026-02-11T15:13:48.020Z","url":"/api/statistics","userId":"anonymous"}
{"body":{},"error":"Limit must be between 1 and 100","headers":{"user-agent":"Mozilla/5.0 (Windows NT 10.0; Win64; x64) AppleWebKit/537.36 (KHTML, like Gecko) Chrome/144.0.0.0 Safari/537.36 Edg/144.0.0.0"},"ip":"::1","level":"error","message":"Unhandled error:","method":"GET","params":{},"query":{"limit":"9999"},"stack":"Error: Limit must be between 1 and 100\n    at D:\\Hoc_tap\\linkedlin\\backend\\src\\routes\\candidates.js:27:11\n    at D:\\Hoc_tap\\linkedlin\\backend\\src\\middleware\\errorHandler.js:163:21\n    at Layer.handle [as handle_request] (D:\\Hoc_tap\\linkedlin\\backend\\node_modules\\express\\lib\\router\\layer.js:95:5)\n    at next (D:\\Hoc_tap\\linkedlin\\backend\\node_modules\\express\\lib\\router\\route.js:149:13)\n    at D:\\Hoc_tap\\linkedlin\\backend\\node_modules\\express-rate-limit\\dist\\index.cjs:706:9\n    at process.processTicksAndRejections (node:internal/process/task_queues:105:5)\n    at async D:\\Hoc_tap\\linkedlin\\backend\\node_modules\\express-rate-limit\\dist\\index.cjs:691:5","timestamp":"2026-02-11T15:13:48.034Z","url":"/api/candidates?limit=9999","userId":"698c2c782a60c580b0ea9a97"}
{"error":"Bad Request","ip":"::1","level":"error","message":"Error response","method":"GET","statusCode":400,"timestamp":"2026-02-11T15:13:48.047Z","url":"/api/candidates?limit=9999","userId":"698c2c782a60c580b0ea9a97"}
{"error":"Not Found","ip":"::1","level":"error","message":"Error response","method":"GET","statusCode":404,"timestamp":"2026-02-11T15:13:51.038Z","url":"/api/statistics","userId":"anonymous"}
{"body":{},"error":"Limit must be between 1 and 100","headers":{"user-agent":"Mozilla/5.0 (Windows NT 10.0; Win64; x64) AppleWebKit/537.36 (KHTML, like Gecko) Chrome/144.0.0.0 Safari/537.36 Edg/144.0.0.0"},"ip":"::1","level":"error","message":"Unhandled error:","method":"GET","params":{},"query":{"limit":"9999"},"stack":"Error: Limit must be between 1 and 100\n    at D:\\Hoc_tap\\linkedlin\\backend\\src\\routes\\candidates.js:27:11\n    at D:\\Hoc_tap\\linkedlin\\backend\\src\\middleware\\errorHandler.js:163:21\n    at Layer.handle [as handle_request] (D:\\Hoc_tap\\linkedlin\\backend\\node_modules\\express\\lib\\router\\layer.js:95:5)\n    at next (D:\\Hoc_tap\\linkedlin\\backend\\node_modules\\express\\lib\\router\\route.js:149:13)\n    at D:\\Hoc_tap\\linkedlin\\backend\\node_modules\\express-rate-limit\\dist\\index.cjs:706:9\n    at process.processTicksAndRejections (node:internal/process/task_queues:105:5)\n    at async D:\\Hoc_tap\\linkedlin\\backend\\node_modules\\express-rate-limit\\dist\\index.cjs:691:5","timestamp":"2026-02-11T15:13:51.251Z","url":"/api/candidates?limit=9999","userId":"698c2c782a60c580b0ea9a97"}
{"error":"Bad Request","ip":"::1","level":"error","message":"Error response","method":"GET","statusCode":400,"timestamp":"2026-02-11T15:13:51.305Z","url":"/api/candidates?limit=9999","userId":"698c2c782a60c580b0ea9a97"}
{"error":"Not Found","ip":"::1","level":"error","message":"Error response","method":"GET","statusCode":404,"timestamp":"2026-02-11T15:15:37.020Z","url":"/api/statistics","userId":"anonymous"}
{"body":{},"error":"Limit must be between 1 and 100","headers":{"user-agent":"Mozilla/5.0 (Windows NT 10.0; Win64; x64) AppleWebKit/537.36 (KHTML, like Gecko) Chrome/144.0.0.0 Safari/537.36 Edg/144.0.0.0"},"ip":"::1","level":"error","message":"Unhandled error:","method":"GET","params":{},"query":{"limit":"9999"},"stack":"Error: Limit must be between 1 and 100\n    at D:\\Hoc_tap\\linkedlin\\backend\\src\\routes\\candidates.js:27:11\n    at D:\\Hoc_tap\\linkedlin\\backend\\src\\middleware\\errorHandler.js:163:21\n    at Layer.handle [as handle_request] (D:\\Hoc_tap\\linkedlin\\backend\\node_modules\\express\\lib\\router\\layer.js:95:5)\n    at next (D:\\Hoc_tap\\linkedlin\\backend\\node_modules\\express\\lib\\router\\route.js:149:13)\n    at D:\\Hoc_tap\\linkedlin\\backend\\node_modules\\express-rate-limit\\dist\\index.cjs:706:9\n    at process.processTicksAndRejections (node:internal/process/task_queues:105:5)\n    at async D:\\Hoc_tap\\linkedlin\\backend\\node_modules\\express-rate-limit\\dist\\index.cjs:691:5","timestamp":"2026-02-11T15:15:37.306Z","url":"/api/candidates?limit=9999","userId":"698c2c782a60c580b0ea9a97"}
{"error":"Bad Request","ip":"::1","level":"error","message":"Error response","method":"GET","statusCode":400,"timestamp":"2026-02-11T15:15:37.442Z","url":"/api/candidates?limit=9999","userId":"698c2c782a60c580b0ea9a97"}
{"body":{},"error":"Limit must be between 1 and 100","headers":{"user-agent":"Mozilla/5.0 (Windows NT 10.0; Win64; x64) AppleWebKit/537.36 (KHTML, like Gecko) Chrome/144.0.0.0 Safari/537.36 Edg/144.0.0.0"},"ip":"::1","level":"error","message":"Unhandled error:","method":"GET","params":{},"query":{"limit":"1000"},"stack":"Error: Limit must be between 1 and 100\n    at D:\\Hoc_tap\\linkedlin\\backend\\src\\routes\\candidates.js:27:11\n    at D:\\Hoc_tap\\linkedlin\\backend\\src\\middleware\\errorHandler.js:163:21\n    at Layer.handle [as handle_request] (D:\\Hoc_tap\\linkedlin\\backend\\node_modules\\express\\lib\\router\\layer.js:95:5)\n    at next (D:\\Hoc_tap\\linkedlin\\backend\\node_modules\\express\\lib\\router\\route.js:149:13)\n    at D:\\Hoc_tap\\linkedlin\\backend\\node_modules\\express-rate-limit\\dist\\index.cjs:706:9\n    at process.processTicksAndRejections (node:internal/process/task_queues:105:5)\n    at async D:\\Hoc_tap\\linkedlin\\backend\\node_modules\\express-rate-limit\\dist\\index.cjs:691:5","timestamp":"2026-02-11T15:15:39.686Z","url":"/api/candidates?limit=1000","userId":"698c2c782a60c580b0ea9a97"}
{"error":"Bad Request","ip":"::1","level":"error","message":"Error response","method":"GET","statusCode":400,"timestamp":"2026-02-11T15:15:39.694Z","url":"/api/candidates?limit=1000","userId":"698c2c782a60c580b0ea9a97"}
{"error":"Not Found","ip":"::1","level":"error","message":"Error response","method":"GET","statusCode":404,"timestamp":"2026-02-11T15:15:39.714Z","url":"/api/statistics","userId":"anonymous"}
{"error":"Not Found","ip":"::1","level":"error","message":"Error response","method":"GET","statusCode":404,"timestamp":"2026-02-11T15:16:14.780Z","url":"/api/statistics","userId":"anonymous"}
{"body":{},"error":"Limit must be between 1 and 100","headers":{"user-agent":"Mozilla/5.0 (Windows NT 10.0; Win64; x64) AppleWebKit/537.36 (KHTML, like Gecko) Chrome/144.0.0.0 Safari/537.36 Edg/144.0.0.0"},"ip":"::1","level":"error","message":"Unhandled error:","method":"GET","params":{},"query":{"limit":"1000"},"stack":"Error: Limit must be between 1 and 100\n    at D:\\Hoc_tap\\linkedlin\\backend\\src\\routes\\candidates.js:27:11\n    at D:\\Hoc_tap\\linkedlin\\backend\\src\\middleware\\errorHandler.js:163:21\n    at Layer.handle [as handle_request] (D:\\Hoc_tap\\linkedlin\\backend\\node_modules\\express\\lib\\router\\layer.js:95:5)\n    at next (D:\\Hoc_tap\\linkedlin\\backend\\node_modules\\express\\lib\\router\\route.js:149:13)\n    at D:\\Hoc_tap\\linkedlin\\backend\\node_modules\\express-rate-limit\\dist\\index.cjs:706:9\n    at process.processTicksAndRejections (node:internal/process/task_queues:105:5)\n    at async D:\\Hoc_tap\\linkedlin\\backend\\node_modules\\express-rate-limit\\dist\\index.cjs:691:5","timestamp":"2026-02-11T15:16:14.794Z","url":"/api/candidates?limit=1000","userId":"698c2c782a60c580b0ea9a97"}
{"error":"Bad Request","ip":"::1","level":"error","message":"Error response","method":"GET","statusCode":400,"timestamp":"2026-02-11T15:16:14.807Z","url":"/api/candidates?limit=1000","userId":"698c2c782a60c580b0ea9a97"}
{"body":{},"error":"Limit must be between 1 and 50 for search","headers":{"user-agent":"Mozilla/5.0 (Windows NT 10.0; Win64; x64) AppleWebKit/537.36 (KHTML, like Gecko) Chrome/144.0.0.0 Safari/537.36 Edg/144.0.0.0"},"ip":"::1","level":"error","message":"Unhandled error:","method":"GET","params":{},"query":{"limit":"9999","q":"Data"},"stack":"Error: Limit must be between 1 and 50 for search\n    at D:\\Hoc_tap\\linkedlin\\backend\\src\\routes\\candidates.js:112:11\n    at D:\\Hoc_tap\\linkedlin\\backend\\src\\middleware\\errorHandler.js:163:21\n    at Layer.handle [as handle_request] (D:\\Hoc_tap\\linkedlin\\backend\\node_modules\\express\\lib\\router\\layer.js:95:5)\n    at next (D:\\Hoc_tap\\linkedlin\\backend\\node_modules\\express\\lib\\router\\route.js:149:13)\n    at D:\\Hoc_tap\\linkedlin\\backend\\node_modules\\express-rate-limit\\dist\\index.cjs:706:9\n    at process.processTicksAndRejections (node:internal/process/task_queues:105:5)\n    at async D:\\Hoc_tap\\linkedlin\\backend\\node_modules\\express-rate-limit\\dist\\index.cjs:691:5","timestamp":"2026-02-11T15:16:20.785Z","url":"/api/candidates/search?q=Data&limit=9999","userId":"698c2c782a60c580b0ea9a97"}
{"error":"Bad Request","ip":"::1","level":"error","message":"Error response","method":"GET","statusCode":400,"timestamp":"2026-02-11T15:16:20.794Z","url":"/api/candidates/search?q=Data&limit=9999","userId":"698c2c782a60c580b0ea9a97"}
{"error":"Not Found","ip":"::1","level":"error","message":"Error response","method":"GET","statusCode":404,"timestamp":"2026-02-11T15:16:24.265Z","url":"/api/statistics","userId":"anonymous"}
{"body":{},"error":"Limit must be between 1 and 100","headers":{"user-agent":"Mozilla/5.0 (Windows NT 10.0; Win64; x64) AppleWebKit/537.36 (KHTML, like Gecko) Chrome/144.0.0.0 Safari/537.36 Edg/144.0.0.0"},"ip":"::1","level":"error","message":"Unhandled error:","method":"GET","params":{},"query":{"limit":"1000"},"stack":"Error: Limit must be between 1 and 100\n    at D:\\Hoc_tap\\linkedlin\\backend\\src\\routes\\candidates.js:27:11\n    at D:\\Hoc_tap\\linkedlin\\backend\\src\\middleware\\errorHandler.js:163:21\n    at Layer.handle [as handle_request] (D:\\Hoc_tap\\linkedlin\\backend\\node_modules\\express\\lib\\router\\layer.js:95:5)\n    at next (D:\\Hoc_tap\\linkedlin\\backend\\node_modules\\express\\lib\\router\\route.js:149:13)\n    at D:\\Hoc_tap\\linkedlin\\backend\\node_modules\\express-rate-limit\\dist\\index.cjs:706:9\n    at process.processTicksAndRejections (node:internal/process/task_queues:105:5)\n    at async D:\\Hoc_tap\\linkedlin\\backend\\node_modules\\express-rate-limit\\dist\\index.cjs:691:5","timestamp":"2026-02-11T15:16:24.565Z","url":"/api/candidates?limit=1000","userId":"698c2c782a60c580b0ea9a97"}
{"error":"Bad Request","ip":"::1","level":"error","message":"Error response","method":"GET","statusCode":400,"timestamp":"2026-02-11T15:16:24.600Z","url":"/api/candidates?limit=1000","userId":"698c2c782a60c580b0ea9a97"}
{"error":"Not Found","ip":"::1","level":"error","message":"Error response","method":"GET","statusCode":404,"timestamp":"2026-02-11T15:22:31.288Z","url":"/api/statistics","userId":"anonymous"}
{"body":{},"error":"Limit must be between 1 and 100","headers":{"user-agent":"Mozilla/5.0 (Windows NT 10.0; Win64; x64) AppleWebKit/537.36 (KHTML, like Gecko) Chrome/144.0.0.0 Safari/537.36 Edg/144.0.0.0"},"ip":"::1","level":"error","message":"Unhandled error:","method":"GET","params":{},"query":{"limit":"1000"},"stack":"Error: Limit must be between 1 and 100\n    at D:\\Hoc_tap\\linkedlin\\backend\\src\\routes\\candidates.js:27:11\n    at D:\\Hoc_tap\\linkedlin\\backend\\src\\middleware\\errorHandler.js:163:21\n    at Layer.handle [as handle_request] (D:\\Hoc_tap\\linkedlin\\backend\\node_modules\\express\\lib\\router\\layer.js:95:5)\n    at next (D:\\Hoc_tap\\linkedlin\\backend\\node_modules\\express\\lib\\router\\route.js:149:13)\n    at D:\\Hoc_tap\\linkedlin\\backend\\node_modules\\express-rate-limit\\dist\\index.cjs:706:9\n    at process.processTicksAndRejections (node:internal/process/task_queues:105:5)\n    at async D:\\Hoc_tap\\linkedlin\\backend\\node_modules\\express-rate-limit\\dist\\index.cjs:691:5","timestamp":"2026-02-11T15:22:32.339Z","url":"/api/candidates?limit=1000","userId":"698c2c782a60c580b0ea9a97"}
{"error":"Bad Request","ip":"::1","level":"error","message":"Error response","method":"GET","statusCode":400,"timestamp":"2026-02-11T15:22:32.491Z","url":"/api/candidates?limit=1000","userId":"698c2c782a60c580b0ea9a97"}
{"body":{},"error":"Limit must be between 1 and 100","headers":{"user-agent":"Mozilla/5.0 (Windows NT 10.0; Win64; x64) AppleWebKit/537.36 (KHTML, like Gecko) Chrome/144.0.0.0 Safari/537.36 Edg/144.0.0.0"},"ip":"::1","level":"error","message":"Unhandled error:","method":"GET","params":{},"query":{"limit":"1000"},"stack":"Error: Limit must be between 1 and 100\n    at D:\\Hoc_tap\\linkedlin\\backend\\src\\routes\\candidates.js:27:11\n    at D:\\Hoc_tap\\linkedlin\\backend\\src\\middleware\\errorHandler.js:163:21\n    at Layer.handle [as handle_request] (D:\\Hoc_tap\\linkedlin\\backend\\node_modules\\express\\lib\\router\\layer.js:95:5)\n    at next (D:\\Hoc_tap\\linkedlin\\backend\\node_modules\\express\\lib\\router\\route.js:149:13)\n    at D:\\Hoc_tap\\linkedlin\\backend\\node_modules\\express-rate-limit\\dist\\index.cjs:706:9\n    at process.processTicksAndRejections (node:internal/process/task_queues:105:5)\n    at async D:\\Hoc_tap\\linkedlin\\backend\\node_modules\\express-rate-limit\\dist\\index.cjs:691:5","timestamp":"2026-02-11T15:22:35.828Z","url":"/api/candidates?limit=1000","userId":"698c2c782a60c580b0ea9a97"}
{"error":"Bad Request","ip":"::1","level":"error","message":"Error response","method":"GET","statusCode":400,"timestamp":"2026-02-11T15:22:35.846Z","url":"/api/candidates?limit=1000","userId":"698c2c782a60c580b0ea9a97"}
{"error":"Not Found","ip":"::1","level":"error","message":"Error response","method":"GET","statusCode":404,"timestamp":"2026-02-11T15:22:35.861Z","url":"/api/statistics","userId":"anonymous"}
{"error":"Not Found","ip":"::1","level":"error","message":"Error response","method":"GET","statusCode":404,"timestamp":"2026-02-11T15:24:31.884Z","url":"/api/statistics","userId":"anonymous"}
{"error":"Not Found","ip":"::1","level":"error","message":"Error response","method":"GET","statusCode":404,"timestamp":"2026-02-11T15:24:33.234Z","url":"/favicon.ico","userId":"anonymous"}
{"error":"Not Found","ip":"::1","level":"error","message":"Error response","method":"GET","statusCode":404,"timestamp":"2026-02-11T15:24:44.017Z","url":"/api/statistics","userId":"anonymous"}
{"error":"Not Found","ip":"::1","level":"error","message":"Error response","method":"GET","statusCode":404,"timestamp":"2026-02-12T04:07:42.277Z","url":"/api/statistics","userId":"anonymous"}
{"error":"Unauthorized","ip":"::1","level":"error","message":"Error response","method":"GET","statusCode":401,"timestamp":"2026-02-12T04:07:42.344Z","url":"/api/candidates?limit=1000","userId":"anonymous"}
{"error":"Not Found","ip":"::1","level":"error","message":"Error response","method":"GET","statusCode":404,"timestamp":"2026-02-12T04:07:43.313Z","url":"/favicon.ico","userId":"anonymous"}
{"error":"Not Found","ip":"::1","level":"error","message":"Error response","method":"GET","statusCode":404,"timestamp":"2026-02-12T04:07:48.285Z","url":"/api/statistics","userId":"anonymous"}
{"error":"Not Found","ip":"::1","level":"error","message":"Error response","method":"GET","statusCode":404,"timestamp":"2026-02-12T04:15:23.441Z","url":"/api/statistics","userId":"anonymous"}
{"error":"Not Found","ip":"::1","level":"error","message":"Error response","method":"GET","statusCode":404,"timestamp":"2026-02-12T04:15:51.566Z","url":"/api/statistics","userId":"anonymous"}
{"error":"Not Found","ip":"::1","level":"error","message":"Error response","method":"GET","statusCode":404,"timestamp":"2026-02-12T04:23:16.308Z","url":"/api/statistics","userId":"anonymous"}
{"error":"Not Found","ip":"::1","level":"error","message":"Error response","method":"GET","statusCode":404,"timestamp":"2026-02-12T04:23:17.710Z","url":"/api/statistics","userId":"anonymous"}
{"error":"Forbidden","ip":"::1","level":"error","message":"Error response","method":"GET","statusCode":403,"timestamp":"2026-02-12T04:23:17.727Z","url":"/api/candidates?limit=1000","userId":"anonymous"}
{"error":"Not Found","ip":"::1","level":"error","message":"Error response","method":"GET","statusCode":404,"timestamp":"2026-02-12T04:23:36.569Z","url":"/api/statistics","userId":"anonymous"}
{"error":"Not Found","ip":"::1","level":"error","message":"Error response","method":"GET","statusCode":404,"timestamp":"2026-02-12T05:04:36.556Z","url":"/api/statistics","userId":"anonymous"}
{"error":"Not Found","ip":"::1","level":"error","message":"Error response","method":"GET","statusCode":404,"timestamp":"2026-02-12T05:04:37.797Z","url":"/api/candidates/statistics/distributions?type=job_title&limit=8","userId":"anonymous"}
{"error":"Not Found","ip":"::1","level":"error","message":"Error response","method":"GET","statusCode":404,"timestamp":"2026-02-12T05:04:52.455Z","url":"/api/statistics","userId":"anonymous"}
{"body":{},"error":"Limit must be between 1 and 1000 for search","headers":{"user-agent":"Mozilla/5.0 (Windows NT 10.0; Win64; x64) AppleWebKit/537.36 (KHTML, like Gecko) Chrome/144.0.0.0 Safari/537.36 Edg/144.0.0.0"},"ip":"::1","level":"error","message":"Unhandled error:","method":"GET","params":{},"query":{"limit":"9999","q":"data"},"stack":"Error: Limit must be between 1 and 1000 for search\n    at D:\\Hoc_tap\\linkedlin\\backend\\src\\routes\\candidates.js:116:11\n    at D:\\Hoc_tap\\linkedlin\\backend\\src\\middleware\\errorHandler.js:163:21\n    at Layer.handle [as handle_request] (D:\\Hoc_tap\\linkedlin\\backend\\node_modules\\express\\lib\\router\\layer.js:95:5)\n    at next (D:\\Hoc_tap\\linkedlin\\backend\\node_modules\\express\\lib\\router\\route.js:149:13)\n    at D:\\Hoc_tap\\linkedlin\\backend\\node_modules\\express-rate-limit\\dist\\index.cjs:706:9\n    at process.processTicksAndRejections (node:internal/process/task_queues:105:5)\n    at async D:\\Hoc_tap\\linkedlin\\backend\\node_modules\\express-rate-limit\\dist\\index.cjs:691:5","timestamp":"2026-02-12T05:04:59.696Z","url":"/api/candidates/search?q=data&limit=9999","userId":"698c2c782a60c580b0ea9a97"}
{"error":"Bad Request","ip":"::1","level":"error","message":"Error response","method":"GET","statusCode":400,"timestamp":"2026-02-12T05:04:59.703Z","url":"/api/candidates/search?q=data&limit=9999","userId":"698c2c782a60c580b0ea9a97"}
{"error":"Not Found","ip":"::1","level":"error","message":"Error response","method":"GET","statusCode":404,"timestamp":"2026-02-12T05:05:16.078Z","url":"/api/statistics","userId":"anonymous"}
{"body":{},"error":"Limit must be between 1 and 1000 for search","headers":{"user-agent":"Mozilla/5.0 (Windows NT 10.0; Win64; x64) AppleWebKit/537.36 (KHTML, like Gecko) Chrome/144.0.0.0 Safari/537.36 Edg/144.0.0.0"},"ip":"::1","level":"error","message":"Unhandled error:","method":"GET","params":{},"query":{"limit":"9999","q":"admin"},"stack":"Error: Limit must be between 1 and 1000 for search\n    at D:\\Hoc_tap\\linkedlin\\backend\\src\\routes\\candidates.js:116:11\n    at D:\\Hoc_tap\\linkedlin\\backend\\src\\middleware\\errorHandler.js:163:21\n    at Layer.handle [as handle_request] (D:\\Hoc_tap\\linkedlin\\backend\\node_modules\\express\\lib\\router\\layer.js:95:5)\n    at next (D:\\Hoc_tap\\linkedlin\\backend\\node_modules\\express\\lib\\router\\route.js:149:13)\n    at D:\\Hoc_tap\\linkedlin\\backend\\node_modules\\express-rate-limit\\dist\\index.cjs:706:9\n    at process.processTicksAndRejections (node:internal/process/task_queues:105:5)\n    at async D:\\Hoc_tap\\linkedlin\\backend\\node_modules\\express-rate-limit\\dist\\index.cjs:691:5","timestamp":"2026-02-12T05:05:20.380Z","url":"/api/candidates/search?q=admin&limit=9999","userId":"698c2c782a60c580b0ea9a97"}
{"error":"Bad Request","ip":"::1","level":"error","message":"Error response","method":"GET","statusCode":400,"timestamp":"2026-02-12T05:05:20.390Z","url":"/api/candidates/search?q=admin&limit=9999","userId":"698c2c782a60c580b0ea9a97"}
{"error":"Not Found","ip":"::1","level":"error","message":"Error response","method":"GET","statusCode":404,"timestamp":"2026-02-12T05:05:27.299Z","url":"/api/statistics","userId":"anonymous"}
{"error":"Not Found","ip":"::1","level":"error","message":"Error response","method":"GET","statusCode":404,"timestamp":"2026-02-12T05:05:28.636Z","url":"/api/statistics","userId":"anonymous"}
{"error":"Forbidden","ip":"::1","level":"error","message":"Error response","method":"GET","statusCode":403,"timestamp":"2026-02-12T05:05:28.659Z","url":"/api/candidates?limit=1000","userId":"anonymous"}
{"error":"Not Found","ip":"::1","level":"error","message":"Error response","method":"GET","statusCode":404,"timestamp":"2026-02-12T05:05:54.307Z","url":"/api/statistics","userId":"anonymous"}
{"error":"Not Found","ip":"::1","level":"error","message":"Error response","method":"GET","statusCode":404,"timestamp":"2026-02-12T05:05:55.182Z","url":"/api/candidates/statistics/distributions?type=job_title&limit=8","userId":"anonymous"}
{"error":"Not Found","ip":"::1","level":"error","message":"Error response","method":"GET","statusCode":404,"timestamp":"2026-02-12T05:52:46.843Z","url":"/favicon.ico","userId":"anonymous"}
{"error":"Not Found","ip":"::1","level":"error","message":"Error response","method":"GET","statusCode":404,"timestamp":"2026-02-12T05:55:07.061Z","url":"/.well-known/appspecific/com.chrome.devtools.json","userId":"anonymous"}
{"error":"Not Found","ip":"::1","level":"error","message":"Error response","method":"GET","statusCode":404,"timestamp":"2026-02-12T05:55:32.776Z","url":"/.well-known/appspecific/com.chrome.devtools.json","userId":"anonymous"}
{"error":"Not Found","ip":"::1","level":"error","message":"Error response","method":"GET","statusCode":404,"timestamp":"2026-02-12T06:00:55.899Z","url":"/.well-known/appspecific/com.chrome.devtools.json","userId":"anonymous"}
{"error":"Not Found","ip":"::1","level":"error","message":"Error response","method":"GET","statusCode":404,"timestamp":"2026-02-12T06:00:57.622Z","url":"/favicon.ico","userId":"anonymous"}
{"error":"Not Found","ip":"::1","level":"error","message":"Error response","method":"GET","statusCode":404,"timestamp":"2026-02-12T06:12:39.179Z","url":"/.well-known/appspecific/com.chrome.devtools.json","userId":"anonymous"}
{"error":"Not Found","ip":"::1","level":"error","message":"Error response","method":"GET","statusCode":404,"timestamp":"2026-02-12T06:14:23.252Z","url":"/.well-known/appspecific/com.chrome.devtools.json","userId":"anonymous"}
{"error":"Not Found","ip":"::1","level":"error","message":"Error response","method":"GET","statusCode":404,"timestamp":"2026-02-12T06:18:28.833Z","url":"/.well-known/appspecific/com.chrome.devtools.json","userId":"anonymous"}
{"error":"Forbidden","ip":"::1","level":"error","message":"Error response","method":"GET","statusCode":403,"timestamp":"2026-02-12T06:32:03.602Z","url":"/api/statistics","userId":"anonymous"}
{"error":"Forbidden","ip":"::1","level":"error","message":"Error response","method":"GET","statusCode":403,"timestamp":"2026-02-12T06:32:03.605Z","url":"/api/candidates?limit=1000","userId":"anonymous"}
{"error":"Forbidden","ip":"::1","level":"error","message":"Error response","method":"GET","statusCode":403,"timestamp":"2026-02-12T06:32:17.674Z","url":"/api/statistics","userId":"anonymous"}
{"error":"Forbidden","ip":"::1","level":"error","message":"Error response","method":"GET","statusCode":403,"timestamp":"2026-02-12T06:32:17.691Z","url":"/api/candidates?limit=1000","userId":"anonymous"}
